{"/home/jerome/Documents/code/jsnad/try/unitTest/testHarnesses/add.js": {"path":"/home/jerome/Documents/code/jsnad/try/unitTest/testHarnesses/add.js","statementMap":{"0":{"start":{"line":3,"column":0},"end":{"line":8,"column":1}},"1":{"start":{"line":4,"column":1},"end":{"line":6,"column":2}},"2":{"start":{"line":5,"column":2},"end":{"line":5,"column":39}},"3":{"start":{"line":7,"column":1},"end":{"line":7,"column":13}}},"fnMap":{"0":{"name":"(anonymous_0)","decl":{"start":{"line":3,"column":17},"end":{"line":3,"column":18}},"loc":{"start":{"line":3,"column":26},"end":{"line":8,"column":1}},"line":3}},"branchMap":{"0":{"loc":{"start":{"line":4,"column":1},"end":{"line":6,"column":2}},"type":"if","locations":[{"start":{"line":4,"column":1},"end":{"line":6,"column":2}},{"start":{"line":4,"column":1},"end":{"line":6,"column":2}}],"line":4},"1":{"loc":{"start":{"line":4,"column":4},"end":{"line":4,"column":50}},"type":"binary-expr","locations":[{"start":{"line":4,"column":4},"end":{"line":4,"column":25}},{"start":{"line":4,"column":29},"end":{"line":4,"column":50}}],"line":4}},"s":{"0":1,"1":6,"2":4,"3":2},"f":{"0":6},"b":{"0":[4,2],"1":[6,2]},"_coverageSchema":"1a1c01bbd47fc00a2c39e90264f33305004495a9","hash":"a367d65588a97068ff4790534b80377464296982"}
,"/home/jerome/Documents/code/jsnad/try/unitTest/testHarnesses/req-prom.js": {"path":"/home/jerome/Documents/code/jsnad/try/unitTest/testHarnesses/req-prom.js","statementMap":{"0":{"start":{"line":3,"column":22},"end":{"line":3,"column":37}},"1":{"start":{"line":4,"column":16},"end":{"line":4,"column":37}},"2":{"start":{"line":6,"column":0},"end":{"line":11,"column":1}},"3":{"start":{"line":7,"column":1},"end":{"line":7,"column":19}},"4":{"start":{"line":9,"column":1},"end":{"line":9,"column":61}},"5":{"start":{"line":9,"column":33},"end":{"line":9,"column":61}},"6":{"start":{"line":10,"column":1},"end":{"line":10,"column":32}}},"fnMap":{"0":{"name":"(anonymous_0)","decl":{"start":{"line":6,"column":17},"end":{"line":6,"column":18}},"loc":{"start":{"line":6,"column":32},"end":{"line":11,"column":1}},"line":6}},"branchMap":{"0":{"loc":{"start":{"line":9,"column":1},"end":{"line":9,"column":61}},"type":"if","locations":[{"start":{"line":9,"column":1},"end":{"line":9,"column":61}},{"start":{"line":9,"column":1},"end":{"line":9,"column":61}}],"line":9}},"s":{"0":1,"1":1,"2":1,"3":2,"4":2,"5":1,"6":1},"f":{"0":2},"b":{"0":[1,1]},"_coverageSchema":"1a1c01bbd47fc00a2c39e90264f33305004495a9","hash":"5c5dea739f2fd703ed32922f4495d99f365cdf18"}
,"/home/jerome/Documents/code/jsnad/try/unitTest/testHarnesses/req.js": {"path":"/home/jerome/Documents/code/jsnad/try/unitTest/testHarnesses/req.js","statementMap":{"0":{"start":{"line":3,"column":0},"end":{"line":8,"column":1}},"1":{"start":{"line":4,"column":1},"end":{"line":7,"column":8}},"2":{"start":{"line":5,"column":2},"end":{"line":6,"column":41}},"3":{"start":{"line":5,"column":33},"end":{"line":5,"column":59}},"4":{"start":{"line":6,"column":7},"end":{"line":6,"column":41}}},"fnMap":{"0":{"name":"(anonymous_0)","decl":{"start":{"line":3,"column":17},"end":{"line":3,"column":18}},"loc":{"start":{"line":3,"column":30},"end":{"line":8,"column":1}},"line":3},"1":{"name":"(anonymous_1)","decl":{"start":{"line":4,"column":12},"end":{"line":4,"column":13}},"loc":{"start":{"line":4,"column":18},"end":{"line":7,"column":2}},"line":4}},"branchMap":{"0":{"loc":{"start":{"line":5,"column":2},"end":{"line":6,"column":41}},"type":"if","locations":[{"start":{"line":5,"column":2},"end":{"line":6,"column":41}},{"start":{"line":5,"column":2},"end":{"line":6,"column":41}}],"line":5}},"s":{"0":1,"1":2,"2":2,"3":1,"4":1},"f":{"0":2,"1":2},"b":{"0":[1,1]},"_coverageSchema":"1a1c01bbd47fc00a2c39e90264f33305004495a9","hash":"7ea2dc84978d454abfd736dbab37605997140396"}
}
