{"/home/jerome/Documents/code/jsnad/testAxios/index.js": {"path":"/home/jerome/Documents/code/jsnad/testAxios/index.js","statementMap":{"0":{"start":{"line":1,"column":14},"end":{"line":1,"column":30}},"1":{"start":{"line":2,"column":21},"end":{"line":2,"column":34}},"2":{"start":{"line":5,"column":12},"end":{"line":5,"column":36}},"3":{"start":{"line":18,"column":13},"end":{"line":28,"column":1}},"4":{"start":{"line":19,"column":1},"end":{"line":27,"column":3}},"5":{"start":{"line":20,"column":2},"end":{"line":26,"column":3}},"6":{"start":{"line":21,"column":3},"end":{"line":21,"column":19}},"7":{"start":{"line":25,"column":3},"end":{"line":25,"column":14}},"8":{"start":{"line":29,"column":0},"end":{"line":32,"column":2}},"9":{"start":{"line":30,"column":1},"end":{"line":31,"column":14}},"10":{"start":{"line":30,"column":6},"end":{"line":30,"column":14}},"11":{"start":{"line":31,"column":6},"end":{"line":31,"column":14}},"12":{"start":{"line":34,"column":0},"end":{"line":34,"column":30}}},"fnMap":{"0":{"name":"(anonymous_0)","decl":{"start":{"line":18,"column":13},"end":{"line":18,"column":14}},"loc":{"start":{"line":18,"column":27},"end":{"line":28,"column":1}},"line":18},"1":{"name":"(anonymous_1)","decl":{"start":{"line":19,"column":24},"end":{"line":19,"column":25}},"loc":{"start":{"line":19,"column":33},"end":{"line":27,"column":2}},"line":19},"2":{"name":"(anonymous_2)","decl":{"start":{"line":29,"column":17},"end":{"line":29,"column":18}},"loc":{"start":{"line":29,"column":26},"end":{"line":32,"column":1}},"line":29}},"branchMap":{"0":{"loc":{"start":{"line":20,"column":2},"end":{"line":26,"column":3}},"type":"if","locations":[{"start":{"line":20,"column":2},"end":{"line":26,"column":3}},{"start":{"line":20,"column":2},"end":{"line":26,"column":3}}],"line":20},"1":{"loc":{"start":{"line":30,"column":1},"end":{"line":31,"column":14}},"type":"if","locations":[{"start":{"line":30,"column":1},"end":{"line":31,"column":14}},{"start":{"line":30,"column":1},"end":{"line":31,"column":14}}],"line":30}},"s":{"0":1,"1":1,"2":1,"3":1,"4":3,"5":3,"6":1,"7":2,"8":1,"9":1,"10":0,"11":1,"12":1},"f":{"0":3,"1":3,"2":1},"b":{"0":[1,2],"1":[0,1]},"_coverageSchema":"1a1c01bbd47fc00a2c39e90264f33305004495a9","hash":"9ce1634add6e4692722545fe942344f5035a103b"}
}
